WARNING: A terminally deprecated method in sun.misc.Unsafe has been called
WARNING: sun.misc.Unsafe::staticFieldBase has been called by com.google.inject.internal.aop.HiddenClassDefiner (file:/C:/Program%20Files/JetBrains/IntelliJ%20IDEA%202025.3.1/plugins/maven/lib/maven3/lib/guice-5.1.0-classes.jar)
WARNING: Please consider reporting this to the maintainers of class com.google.inject.internal.aop.HiddenClassDefiner
WARNING: sun.misc.Unsafe::staticFieldBase will be removed in a future release
[INFO] Scanning for projects...
[INFO] 
[INFO] ----------------------< dev.erikradovan:profiler >----------------------
[INFO] Building Profiler 1.0.0
[INFO]   from pom.xml
[INFO] --------------------------------[ jar ]---------------------------------
[INFO] 
[INFO] --- clean:3.2.0:clean (default-clean) @ profiler ---
[INFO] Deleting C:\Users\erikr\Projects\IdeaProjects\IntegrityPolygon\modules\profiler\target
[INFO] 
[INFO] --- resources:3.3.1:resources (default-resources) @ profiler ---
[INFO] Copying 3 resources from src\main\resources to target\classes
[INFO] 
[INFO] --- antrun:3.1.0:run (default) @ profiler ---
[INFO] Executing tasks
[INFO]      [copy] Copying 1 file to C:\Users\erikr\Projects\IdeaProjects\IntegrityPolygon\modules\profiler\target\classes
[INFO] Executed tasks
[INFO] 
[INFO] --- compiler:3.13.0:compile (default-compile) @ profiler ---
[INFO] Recompiling the module because of changed source code.
[INFO] Compiling 1 source file with javac [debug release 21] to target\classes
[INFO] -------------------------------------------------------------
[ERROR] COMPILATION ERROR : 
[INFO] -------------------------------------------------------------
[ERROR] /C:/Users/erikr/Projects/IdeaProjects/IntegrityPolygon/modules/profiler/src/main/java/dev/erikradovan/profiler/ProfilerModule.java:[318,43] invalid method reference
  cannot find symbol
    symbol:   method apiFlameGraph(dev.erikradovan.integritypolygon.api.ModuleDashboard.RequestContext)
    location: class dev.erikradovan.profiler.ProfilerModule
[ERROR] /C:/Users/erikr/Projects/IdeaProjects/IntegrityPolygon/modules/profiler/src/main/java/dev/erikradovan/profiler/ProfilerModule.java:[322,40] invalid method reference
  cannot find symbol
    symbol:   method apiRequestFlame(dev.erikradovan.integritypolygon.api.ModuleDashboard.RequestContext)
    location: class dev.erikradovan.profiler.ProfilerModule
[INFO] 2 errors 
[INFO] -------------------------------------------------------------
[INFO] ------------------------------------------------------------------------
[INFO] BUILD FAILURE
[INFO] ------------------------------------------------------------------------
[INFO] Total time:  2.149 s
[INFO] Finished at: 2026-03-13T19:21:25+01:00
[INFO] ------------------------------------------------------------------------
[ERROR] Failed to execute goal org.apache.maven.plugins:maven-compiler-plugin:3.13.0:compile (default-compile) on project profiler: Compilation failure: Compilation failure: 
[ERROR] /C:/Users/erikr/Projects/IdeaProjects/IntegrityPolygon/modules/profiler/src/main/java/dev/erikradovan/profiler/ProfilerModule.java:[318,43] invalid method reference
[ERROR]   cannot find symbol
[ERROR]     symbol:   method apiFlameGraph(dev.erikradovan.integritypolygon.api.ModuleDashboard.RequestContext)
[ERROR]     location: class dev.erikradovan.profiler.ProfilerModule
[ERROR] /C:/Users/erikr/Projects/IdeaProjects/IntegrityPolygon/modules/profiler/src/main/java/dev/erikradovan/profiler/ProfilerModule.java:[322,40] invalid method reference
[ERROR]   cannot find symbol
[ERROR]     symbol:   method apiRequestFlame(dev.erikradovan.integritypolygon.api.ModuleDashboard.RequestContext)
[ERROR]     location: class dev.erikradovan.profiler.ProfilerModule
[ERROR] -> [Help 1]
[ERROR] 
[ERROR] To see the full stack trace of the errors, re-run Maven with the -e switch.
[ERROR] Re-run Maven using the -X switch to enable full debug logging.
[ERROR] 
[ERROR] For more information about the errors and possible solutions, please read the following articles:
[ERROR] [Help 1] http://cwiki.apache.org/confluence/display/MAVEN/MojoFailureException
